FULL RUN LOG:
SPDX NON-COMPLIANT FILES
/home/baywatcher/projects/test/spectrometer/.gitmodules
/home/baywatcher/projects/test/spectrometer/cargo/Makefile
/home/baywatcher/projects/test/spectrometer/cargo/spectrometer/.git
/home/baywatcher/projects/test/spectrometer/cargo/spectrometer/.gitmodules
/home/baywatcher/projects/test/spectrometer/cargo/spectrometer/.install_verilator.sh
/home/baywatcher/projects/test/spectrometer/cargo/spectrometer/.travis.yml
/home/baywatcher/projects/test/spectrometer/cargo/spectrometer/README.md
/home/baywatcher/projects/test/spectrometer/cargo/spectrometer/build.sbt
/home/baywatcher/projects/test/spectrometer/cargo/spectrometer/doc/images/SpectrometerVanilla.svg
/home/baywatcher/projects/test/spectrometer/cargo/spectrometer/generators/accumulator/.git
/home/baywatcher/projects/test/spectrometer/cargo/spectrometer/generators/accumulator/.install_verilator.sh
/home/baywatcher/projects/test/spectrometer/cargo/spectrometer/generators/accumulator/.travis.yml
/home/baywatcher/projects/test/spectrometer/cargo/spectrometer/generators/accumulator/build.sbt
/home/baywatcher/projects/test/spectrometer/cargo/spectrometer/generators/accumulator/doc/images/fsmfinal.svg
/home/baywatcher/projects/test/spectrometer/cargo/spectrometer/generators/accumulator/src/main/scala/AccChain.scala
/home/baywatcher/projects/test/spectrometer/cargo/spectrometer/generators/accumulator/src/main/scala/AccChainWithMem.scala
/home/baywatcher/projects/test/spectrometer/cargo/spectrometer/generators/accumulator/src/main/scala/AccDspBlock.scala
/home/baywatcher/projects/test/spectrometer/cargo/spectrometer/generators/accumulator/src/main/scala/AccParams.scala
/home/baywatcher/projects/test/spectrometer/cargo/spectrometer/generators/accumulator/src/main/scala/Accumulator.scala
/home/baywatcher/projects/test/spectrometer/cargo/spectrometer/generators/accumulator/src/main/scala/DspQueueBlock.scala
/home/baywatcher/projects/test/spectrometer/cargo/spectrometer/generators/accumulator/src/main/scala/MemForTestingAcc.scala
/home/baywatcher/projects/test/spectrometer/cargo/spectrometer/generators/accumulator/src/test/scala/AccChainSpec.scala
/home/baywatcher/projects/test/spectrometer/cargo/spectrometer/generators/accumulator/src/test/scala/AccChainWithMemSpec.scala
/home/baywatcher/projects/test/spectrometer/cargo/spectrometer/generators/accumulator/src/test/scala/AccFirstStageSpec.scala
/home/baywatcher/projects/test/spectrometer/cargo/spectrometer/generators/accumulator/src/test/scala/FixedAccumulatorTester.scala
/home/baywatcher/projects/test/spectrometer/cargo/spectrometer/generators/logMagMux/.git
/home/baywatcher/projects/test/spectrometer/cargo/spectrometer/generators/logMagMux/.install_verilator.sh
/home/baywatcher/projects/test/spectrometer/cargo/spectrometer/generators/logMagMux/.travis.yml
/home/baywatcher/projects/test/spectrometer/cargo/spectrometer/generators/logMagMux/README.md
/home/baywatcher/projects/test/spectrometer/cargo/spectrometer/generators/logMagMux/build.sbt
/home/baywatcher/projects/test/spectrometer/cargo/spectrometer/generators/logMagMux/src/main/scala/LogMagMux.scala
/home/baywatcher/projects/test/spectrometer/cargo/spectrometer/generators/logMagMux/src/main/scala/LogMagMuxDspBlock.scala
/home/baywatcher/projects/test/spectrometer/cargo/spectrometer/generators/logMagMux/src/main/scala/LogMagMuxOptionalMemMapBlock.scala
/home/baywatcher/projects/test/spectrometer/cargo/spectrometer/generators/logMagMux/src/main/scala/MagMuxwithMem.scala
/home/baywatcher/projects/test/spectrometer/cargo/spectrometer/generators/logMagMux/src/main/scala/Skid.scala
/home/baywatcher/projects/test/spectrometer/cargo/spectrometer/generators/logMagMux/src/test/scala/LogMagMuxSpec.scala
/home/baywatcher/projects/test/spectrometer/cargo/spectrometer/generators/logMagMux/src/test/scala/LogMagMuxTester.scala
/home/baywatcher/projects/test/spectrometer/cargo/spectrometer/generators/nco/.git
/home/baywatcher/projects/test/spectrometer/cargo/spectrometer/generators/nco/.install_verilator.sh
/home/baywatcher/projects/test/spectrometer/cargo/spectrometer/generators/nco/.travis.yml
/home/baywatcher/projects/test/spectrometer/cargo/spectrometer/generators/nco/README.md
/home/baywatcher/projects/test/spectrometer/cargo/spectrometer/generators/nco/build.sbt
/home/baywatcher/projects/test/spectrometer/cargo/spectrometer/generators/nco/src/main/scala/NCO.scala
/home/baywatcher/projects/test/spectrometer/cargo/spectrometer/generators/nco/src/main/scala/NCODspBlock.scala
/home/baywatcher/projects/test/spectrometer/cargo/spectrometer/generators/nco/src/main/scala/NCOIdentityNodeDspBlock.scala
/home/baywatcher/projects/test/spectrometer/cargo/spectrometer/generators/nco/src/main/scala/NCOLazyModuleBlock.scala
/home/baywatcher/projects/test/spectrometer/cargo/spectrometer/generators/nco/src/main/scala/SyncROM.scala
/home/baywatcher/projects/test/spectrometer/cargo/spectrometer/generators/nco/src/main/scala/TreeReduce.scala
/home/baywatcher/projects/test/spectrometer/cargo/spectrometer/generators/nco/src/test/scala/NCOLazyModuleBlockSpec.scala
/home/baywatcher/projects/test/spectrometer/cargo/spectrometer/generators/nco/src/test/scala/NCOMultiplierSpec.scala
/home/baywatcher/projects/test/spectrometer/cargo/spectrometer/generators/nco/src/test/scala/NCOSpec.scala
/home/baywatcher/projects/test/spectrometer/cargo/spectrometer/generators/nco/src/test/scala/NCOTableSpec.scala
/home/baywatcher/projects/test/spectrometer/cargo/spectrometer/generators/nco/src/test/scala/NCOTester.scala
/home/baywatcher/projects/test/spectrometer/cargo/spectrometer/generators/plfg/.git
/home/baywatcher/projects/test/spectrometer/cargo/spectrometer/generators/plfg/.install_verilator.sh
/home/baywatcher/projects/test/spectrometer/cargo/spectrometer/generators/plfg/.travis.yml
/home/baywatcher/projects/test/spectrometer/cargo/spectrometer/generators/plfg/README.md
/home/baywatcher/projects/test/spectrometer/cargo/spectrometer/generators/plfg/build.sbt
/home/baywatcher/projects/test/spectrometer/cargo/spectrometer/generators/plfg/src/main/python/plfg_script.py
/home/baywatcher/projects/test/spectrometer/cargo/spectrometer/generators/plfg/src/main/scala/PLFGDspBlockMem.scala
/home/baywatcher/projects/test/spectrometer/cargo/spectrometer/generators/plfg/src/test/scala/PLFGDspBlockMemSpec.scala
/home/baywatcher/projects/test/spectrometer/cargo/spectrometer/generators/plfg/src/test/scala/PLFGSpec.scala
/home/baywatcher/projects/test/spectrometer/cargo/spectrometer/generators/plfg/src/test/scala/PLFGTesterUtil.scala
/home/baywatcher/projects/test/spectrometer/cargo/spectrometer/generators/sdf-fft/.git
/home/baywatcher/projects/test/spectrometer/cargo/spectrometer/generators/sdf-fft/.install_verilator.sh
/home/baywatcher/projects/test/spectrometer/cargo/spectrometer/generators/sdf-fft/.travis.yml
/home/baywatcher/projects/test/spectrometer/cargo/spectrometer/generators/sdf-fft/Makefile
/home/baywatcher/projects/test/spectrometer/cargo/spectrometer/generators/sdf-fft/README.md
/home/baywatcher/projects/test/spectrometer/cargo/spectrometer/generators/sdf-fft/build.sbt
/home/baywatcher/projects/test/spectrometer/cargo/spectrometer/generators/sdf-fft/doc/images/fft_fsm.svg
/home/baywatcher/projects/test/spectrometer/cargo/spectrometer/generators/sdf-fft/src/main/scala/BitReversePingPong.scala
/home/baywatcher/projects/test/spectrometer/cargo/spectrometer/generators/sdf-fft/src/main/scala/FFTBlock.scala
/home/baywatcher/projects/test/spectrometer/cargo/spectrometer/generators/sdf-fft/src/main/scala/FFTBlockWithWindowing.scala
/home/baywatcher/projects/test/spectrometer/cargo/spectrometer/generators/sdf-fft/src/main/scala/FFTWithMem.scala
/home/baywatcher/projects/test/spectrometer/cargo/spectrometer/generators/sdf-fft/src/main/scala/MemForTestingFFT.scala
/home/baywatcher/projects/test/spectrometer/cargo/spectrometer/generators/sdf-fft/src/main/scala/SDFChainRadix2.scala
/home/baywatcher/projects/test/spectrometer/cargo/spectrometer/generators/sdf-fft/src/main/scala/SDFChainRadix22.scala
/home/baywatcher/projects/test/spectrometer/cargo/spectrometer/generators/sdf-fft/src/main/scala/SDFChainRadix22RunTime.scala
/home/baywatcher/projects/test/spectrometer/cargo/spectrometer/generators/sdf-fft/src/main/scala/SDFFFT.scala
/home/baywatcher/projects/test/spectrometer/cargo/spectrometer/generators/sdf-fft/src/main/scala/SDFFFTUtil.scala
/home/baywatcher/projects/test/spectrometer/cargo/spectrometer/generators/sdf-fft/src/main/scala/WindowFunc.scala
/home/baywatcher/projects/test/spectrometer/cargo/spectrometer/generators/sdf-fft/src/test/scala/BitReversePingPongSpec.scala
/home/baywatcher/projects/test/spectrometer/cargo/spectrometer/generators/sdf-fft/src/test/scala/FFTBlockWithWindowingSpec.scala
/home/baywatcher/projects/test/spectrometer/cargo/spectrometer/generators/sdf-fft/src/test/scala/FFTWithMemSpec.scala
/home/baywatcher/projects/test/spectrometer/cargo/spectrometer/generators/sdf-fft/src/test/scala/Radix22PlotSpec.scala
/home/baywatcher/projects/test/spectrometer/cargo/spectrometer/generators/sdf-fft/src/test/scala/Radix22RandomSpec.scala
/home/baywatcher/projects/test/spectrometer/cargo/spectrometer/generators/sdf-fft/src/test/scala/Radix22RunTimeSpec.scala
/home/baywatcher/projects/test/spectrometer/cargo/spectrometer/generators/sdf-fft/src/test/scala/Radix22SQNRSpec.scala
/home/baywatcher/projects/test/spectrometer/cargo/spectrometer/generators/sdf-fft/src/test/scala/Radix22Spec.scala
/home/baywatcher/projects/test/spectrometer/cargo/spectrometer/generators/sdf-fft/src/test/scala/Radix2PlotSpec.scala
/home/baywatcher/projects/test/spectrometer/cargo/spectrometer/generators/sdf-fft/src/test/scala/Radix2RandomSpec.scala
/home/baywatcher/projects/test/spectrometer/cargo/spectrometer/generators/sdf-fft/src/test/scala/Radix2RunTimeSpec.scala
/home/baywatcher/projects/test/spectrometer/cargo/spectrometer/generators/sdf-fft/src/test/scala/Radix2SQNRSpec.scala
/home/baywatcher/projects/test/spectrometer/cargo/spectrometer/generators/sdf-fft/src/test/scala/Radix2Spec.scala
/home/baywatcher/projects/test/spectrometer/cargo/spectrometer/generators/sdf-fft/src/test/scala/SDFFFTRunTimeTester.scala
/home/baywatcher/projects/test/spectrometer/cargo/spectrometer/generators/sdf-fft/src/test/scala/SDFFFTTester.scala
/home/baywatcher/projects/test/spectrometer/cargo/spectrometer/generators/sdf-fft/src/test/scala/TesterUtil.scala
/home/baywatcher/projects/test/spectrometer/cargo/spectrometer/generators/splitter/Splitter.scala
/home/baywatcher/projects/test/spectrometer/cargo/spectrometer/generators/uart/DSPBlockUART.scala
/home/baywatcher/projects/test/spectrometer/cargo/spectrometer/generators/uart/OM_UART.scala
/home/baywatcher/projects/test/spectrometer/cargo/spectrometer/generators/uart/RegMapFIFO.scala
/home/baywatcher/projects/test/spectrometer/cargo/spectrometer/generators/uart/UARTCtrlRegs.scala
/home/baywatcher/projects/test/spectrometer/cargo/spectrometer/generators/uart/UARTRx.scala
/home/baywatcher/projects/test/spectrometer/cargo/spectrometer/generators/uart/UARTTx.scala
/home/baywatcher/projects/test/spectrometer/cargo/spectrometer/rtl/SpectrometerTest/SpectrometerTest.v
/home/baywatcher/projects/test/spectrometer/cargo/spectrometer/rtl/SpectrometerTest/plusarg_reader.v
/home/baywatcher/projects/test/spectrometer/cargo/spectrometer/src/main/scala/SpectrometerTest.scala
/home/baywatcher/projects/test/spectrometer/cargo/spectrometer/src/main/scala/SpectrometerVanilla.scala
/home/baywatcher/projects/test/spectrometer/cargo/spectrometer/src/test/scala/PIN_FFT_MAG_ACC_POUT_SpectrometerTester.scala
/home/baywatcher/projects/test/spectrometer/cargo/spectrometer/src/test/scala/PIN_FFT_MAG_POUT_SpectrometerTester.scala
/home/baywatcher/projects/test/spectrometer/cargo/spectrometer/src/test/scala/PIN_FFT_POUT_SpectrometerTester.scala
/home/baywatcher/projects/test/spectrometer/cargo/spectrometer/src/test/scala/PIN_NCO_FFT_MAG_ACC_POUT_SpectrometerTester.scala
/home/baywatcher/projects/test/spectrometer/cargo/spectrometer/src/test/scala/PIN_POUT_SpectrometerTester.scala
/home/baywatcher/projects/test/spectrometer/cargo/spectrometer/src/test/scala/PLFG_NCO_FFT_MAG_ACC_POUT_SpectrometerTester.scala
/home/baywatcher/projects/test/spectrometer/cargo/spectrometer/src/test/scala/PLFG_NCO_FFT_MAG_ACC_UTX_SpectrometerTester.scala
/home/baywatcher/projects/test/spectrometer/cargo/spectrometer/src/test/scala/PLFG_NCO_FFT_MAG_POUT_SpectrometerTester.scala
/home/baywatcher/projects/test/spectrometer/cargo/spectrometer/src/test/scala/PLFG_NCO_FFT_POUT_SpectrometerTester.scala
/home/baywatcher/projects/test/spectrometer/cargo/spectrometer/src/test/scala/PLFG_NCO_POUT_SpectrometerTester.scala
/home/baywatcher/projects/test/spectrometer/cargo/spectrometer/src/test/scala/SpectrometerTestSpec.scala
/home/baywatcher/projects/test/spectrometer/cargo/spectrometer/src/test/scala/SpectrometerTesterUtils.scala
/home/baywatcher/projects/test/spectrometer/cargo/spectrometer/src/test/scala/SpectrometerVanillaSpec.scala
/home/baywatcher/projects/test/spectrometer/cargo/spectrometer/verilog_history/D_08_12_2020_T_11_08/SpectrometerTest.v
/home/baywatcher/projects/test/spectrometer/cargo/spectrometer/verilog_history/D_08_12_2020_T_11_08/verilog_info.txt
/home/baywatcher/projects/test/spectrometer/cargo/spectrometer/verilog_history/D_11_12_2020_T_21_05/verilog_info.txt
/home/baywatcher/projects/test/spectrometer/cargo/spectrometer/verilog_history/D_11_12_2020_T_21_05/SpectrometerTest/SpectrometerTest.v
/home/baywatcher/projects/test/spectrometer/cargo/spectrometer/verilog_history/D_11_12_2020_T_21_05/SpectrometerTest/plusarg_reader.v
/home/baywatcher/projects/test/spectrometer/cargo/spectrometer/verilog_history/D_11_12_2020_T_21_05/SpectrometerTestWithLAoutputs/SpectrometerTest.v
/home/baywatcher/projects/test/spectrometer/cargo/spectrometer/verilog_history/D_11_12_2020_T_21_05/SpectrometerTestWithLAoutputs/plusarg_reader.v
/home/baywatcher/projects/test/spectrometer/cargo/spectrometer/verilog_history/D_14_12_2020_T_18_00/SpectrometerTest_128/SpectrometerTest.v
/home/baywatcher/projects/test/spectrometer/cargo/spectrometer/verilog_history/D_14_12_2020_T_18_00/SpectrometerTest_128/plusarg_reader.v
/home/baywatcher/projects/test/spectrometer/cargo/spectrometer/verilog_history/D_14_12_2020_T_18_00/SpectrometerTest_128/verilog_info.txt
/home/baywatcher/projects/test/spectrometer/cargo/spectrometer/verilog_history/D_14_12_2020_T_18_00/SpectrometerTest_256/SpectrometerTest.v
/home/baywatcher/projects/test/spectrometer/cargo/spectrometer/verilog_history/D_14_12_2020_T_18_00/SpectrometerTest_256/plusarg_reader.v
/home/baywatcher/projects/test/spectrometer/cargo/spectrometer/verilog_history/D_14_12_2020_T_18_00/SpectrometerTest_256/verilog_info.txt
/home/baywatcher/projects/test/spectrometer/cargo/spectrometer/verilog_history/D_14_12_2020_T_18_00/SpectrometerTest_64/SpectrometerTest.v
/home/baywatcher/projects/test/spectrometer/cargo/spectrometer/verilog_history/D_14_12_2020_T_18_00/SpectrometerTest_64/plusarg_reader.v
/home/baywatcher/projects/test/spectrometer/cargo/spectrometer/verilog_history/D_14_12_2020_T_18_00/SpectrometerTest_64/verilog_info.txt
/home/baywatcher/projects/test/spectrometer/cargo/top/dv/SpectrometerTest/defs.h
/home/baywatcher/projects/test/spectrometer/cargo/top/dv/SpectrometerTest/sections.lds
/home/baywatcher/projects/test/spectrometer/cargo/top/dv/SpectrometerTest/spectrometerDefs.h
/home/baywatcher/projects/test/spectrometer/cargo/top/dv/SpectrometerTest/spiflash.v
/home/baywatcher/projects/test/spectrometer/cargo/top/dv/SpectrometerTest/start.s
/home/baywatcher/projects/test/spectrometer/cargo/top/dv/SpectrometerTest/stub.c
/home/baywatcher/projects/test/spectrometer/cargo/top/dv/SpectrometerTest/tbuart.v
/home/baywatcher/projects/test/spectrometer/cargo/top/dv/SpectrometerTest/uart_rx.v
/home/baywatcher/projects/test/spectrometer/cargo/top/dv/SpectrometerTest/uart_tx.v
/home/baywatcher/projects/test/spectrometer/cargo/top/dv/SpectrometerTest/spectrometer/Makefile
/home/baywatcher/projects/test/spectrometer/cargo/top/dv/SpectrometerTest/spectrometer/pin_fft_mag_acc_pout/Makefile
/home/baywatcher/projects/test/spectrometer/cargo/top/dv/SpectrometerTest/spectrometer/pin_fft_mag_acc_pout/pin_fft_mag_acc_pout.c
/home/baywatcher/projects/test/spectrometer/cargo/top/dv/SpectrometerTest/spectrometer/pin_fft_mag_acc_pout/pin_fft_mag_acc_pout_tb.v
/home/baywatcher/projects/test/spectrometer/cargo/top/dv/SpectrometerTest/spectrometer/pin_nco_fft_mag_acc_pout/Makefile
/home/baywatcher/projects/test/spectrometer/cargo/top/dv/SpectrometerTest/spectrometer/pin_nco_fft_mag_acc_pout/pin_nco_fft_mag_acc_pout.c
/home/baywatcher/projects/test/spectrometer/cargo/top/dv/SpectrometerTest/spectrometer/pin_nco_fft_mag_acc_pout/pin_nco_fft_mag_acc_pout_tb.v
/home/baywatcher/projects/test/spectrometer/cargo/top/dv/SpectrometerTest/spectrometer/plfg_nco_fft_mag_acc_pout/Makefile
/home/baywatcher/projects/test/spectrometer/cargo/top/dv/SpectrometerTest/spectrometer/plfg_nco_fft_mag_acc_pout/plfg_nco_fft_mag_acc_pout.c
/home/baywatcher/projects/test/spectrometer/cargo/top/dv/SpectrometerTest/spectrometer/plfg_nco_fft_mag_acc_pout/plfg_nco_fft_mag_acc_pout_tb.v
/home/baywatcher/projects/test/spectrometer/cargo/top/dv/SpectrometerTest/spectrometer/plfg_nco_fft_mag_acc_utx/Makefile
/home/baywatcher/projects/test/spectrometer/cargo/top/dv/SpectrometerTest/spectrometer/plfg_nco_fft_mag_acc_utx/plfg_nco_fft_mag_acc_utx.c
/home/baywatcher/projects/test/spectrometer/cargo/top/dv/SpectrometerTest/spectrometer/plfg_nco_fft_mag_acc_utx/plfg_nco_fft_mag_acc_utx_tb.v
/home/baywatcher/projects/test/spectrometer/cargo/top/rtl/SpectrometerTest/user_proj_example.v
/home/baywatcher/projects/test/spectrometer/cargo/wb2axip/.git
/home/baywatcher/projects/test/spectrometer/cargo/wb2axip/Makefile
/home/baywatcher/projects/test/spectrometer/cargo/wb2axip/README.md
/home/baywatcher/projects/test/spectrometer/cargo/wb2axip/wb2axip.core
/home/baywatcher/projects/test/spectrometer/cargo/wb2axip/bench/README.md
/home/baywatcher/projects/test/spectrometer/cargo/wb2axip/bench/cpp/Makefile
/home/baywatcher/projects/test/spectrometer/cargo/wb2axip/bench/cpp/aximemsim.cpp
/home/baywatcher/projects/test/spectrometer/cargo/wb2axip/bench/cpp/aximemsim.h
/home/baywatcher/projects/test/spectrometer/cargo/wb2axip/bench/formal/Makefile
/home/baywatcher/projects/test/spectrometer/cargo/wb2axip/bench/formal/README.md
/home/baywatcher/projects/test/spectrometer/cargo/wb2axip/bench/formal/addrdecode.sby
/home/baywatcher/projects/test/spectrometer/cargo/wb2axip/bench/formal/afifo.gtkw
/home/baywatcher/projects/test/spectrometer/cargo/wb2axip/bench/formal/afifo.sby
/home/baywatcher/projects/test/spectrometer/cargo/wb2axip/bench/formal/apbslave.gtkw
/home/baywatcher/projects/test/spectrometer/cargo/wb2axip/bench/formal/apbslave.sby
/home/baywatcher/projects/test/spectrometer/cargo/wb2axip/bench/formal/axi3reorder.sby
/home/baywatcher/projects/test/spectrometer/cargo/wb2axip/bench/formal/axi_addr_miter.sby
/home/baywatcher/projects/test/spectrometer/cargo/wb2axip/bench/formal/axi_addr_miter.v
/home/baywatcher/projects/test/spectrometer/cargo/wb2axip/bench/formal/axil2apb.gtkw
/home/baywatcher/projects/test/spectrometer/cargo/wb2axip/bench/formal/axil2apb.sby
/home/baywatcher/projects/test/spectrometer/cargo/wb2axip/bench/formal/axil2axis.gtkw
/home/baywatcher/projects/test/spectrometer/cargo/wb2axip/bench/formal/axil2axis.sby
/home/baywatcher/projects/test/spectrometer/cargo/wb2axip/bench/formal/axildouble.sby
/home/baywatcher/projects/test/spectrometer/cargo/wb2axip/bench/formal/axilrd2wbsp.gtkw
/home/baywatcher/projects/test/spectrometer/cargo/wb2axip/bench/formal/axilrd2wbsp.sby
/home/baywatcher/projects/test/spectrometer/cargo/wb2axip/bench/formal/axilsafety.gtkw
/home/baywatcher/projects/test/spectrometer/cargo/wb2axip/bench/formal/axilsafety.sby
/home/baywatcher/projects/test/spectrometer/cargo/wb2axip/bench/formal/axilsingle.gtkw
/home/baywatcher/projects/test/spectrometer/cargo/wb2axip/bench/formal/axilsingle.sby
/home/baywatcher/projects/test/spectrometer/cargo/wb2axip/bench/formal/axilwr2wbsp.sby
/home/baywatcher/projects/test/spectrometer/cargo/wb2axip/bench/formal/axilxbar.sby
/home/baywatcher/projects/test/spectrometer/cargo/wb2axip/bench/formal/axilxbar_4x1.gtkw
/home/baywatcher/projects/test/spectrometer/cargo/wb2axip/bench/formal/axilxbar_cvr1x3.gtkw
/home/baywatcher/projects/test/spectrometer/cargo/wb2axip/bench/formal/axilxbar_prf1x8.gtkw
/home/baywatcher/projects/test/spectrometer/cargo/wb2axip/bench/formal/axim2wbsp.ys
/home/baywatcher/projects/test/spectrometer/cargo/wb2axip/bench/formal/aximrd2wbsp.gtkw
/home/baywatcher/projects/test/spectrometer/cargo/wb2axip/bench/formal/aximrd2wbsp.sby
/home/baywatcher/projects/test/spectrometer/cargo/wb2axip/bench/formal/axiperf.sby
/home/baywatcher/projects/test/spectrometer/cargo/wb2axip/bench/formal/axisgfsm.gtkw
/home/baywatcher/projects/test/spectrometer/cargo/wb2axip/bench/formal/axisgfsm.sby
/home/baywatcher/projects/test/spectrometer/cargo/wb2axip/bench/formal/axisrandom.sby
/home/baywatcher/projects/test/spectrometer/cargo/wb2axip/bench/formal/axissafety.gtkw
/home/baywatcher/projects/test/spectrometer/cargo/wb2axip/bench/formal/axissafety.sby
/home/baywatcher/projects/test/spectrometer/cargo/wb2axip/bench/formal/axisswitch.gtkw
/home/baywatcher/projects/test/spectrometer/cargo/wb2axip/bench/formal/axisswitch.sby
/home/baywatcher/projects/test/spectrometer/cargo/wb2axip/bench/formal/axlite2wbsp.gtkw
/home/baywatcher/projects/test/spectrometer/cargo/wb2axip/bench/formal/axlite2wbsp.sby
/home/baywatcher/projects/test/spectrometer/cargo/wb2axip/bench/formal/demoaxi.gtkw
/home/baywatcher/projects/test/spectrometer/cargo/wb2axip/bench/formal/demoaxi.sby
/home/baywatcher/projects/test/spectrometer/cargo/wb2axip/bench/formal/easyaxil.gtkw
/home/baywatcher/projects/test/spectrometer/cargo/wb2axip/bench/formal/easyaxil.sby
/home/baywatcher/projects/test/spectrometer/cargo/wb2axip/bench/formal/f_order.v
/home/baywatcher/projects/test/spectrometer/cargo/wb2axip/bench/formal/fapb_master.v
/home/baywatcher/projects/test/spectrometer/cargo/wb2axip/bench/formal/fapb_slave.v
/home/baywatcher/projects/test/spectrometer/cargo/wb2axip/bench/formal/fav_slave.v
/home/baywatcher/projects/test/spectrometer/cargo/wb2axip/bench/formal/faxi_addr.v
/home/baywatcher/projects/test/spectrometer/cargo/wb2axip/bench/formal/faxi_master.v
/home/baywatcher/projects/test/spectrometer/cargo/wb2axip/bench/formal/faxi_slave.v
/home/baywatcher/projects/test/spectrometer/cargo/wb2axip/bench/formal/faxil_master.v
/home/baywatcher/projects/test/spectrometer/cargo/wb2axip/bench/formal/faxil_slave.v
/home/baywatcher/projects/test/spectrometer/cargo/wb2axip/bench/formal/faxis_master.v
/home/baywatcher/projects/test/spectrometer/cargo/wb2axip/bench/formal/faxis_slave.v
/home/baywatcher/projects/test/spectrometer/cargo/wb2axip/bench/formal/fwb_master.v
/home/baywatcher/projects/test/spectrometer/cargo/wb2axip/bench/formal/fwb_slave.v
/home/baywatcher/projects/test/spectrometer/cargo/wb2axip/bench/formal/fwbc_master.v
/home/baywatcher/projects/test/spectrometer/cargo/wb2axip/bench/formal/fwbc_slave.v
/home/baywatcher/projects/test/spectrometer/cargo/wb2axip/bench/formal/passcheck.sh
/home/baywatcher/projects/test/spectrometer/cargo/wb2axip/bench/formal/sfifo.sby
/home/baywatcher/projects/test/spectrometer/cargo/wb2axip/bench/formal/skidbuffer.gtkw
/home/baywatcher/projects/test/spectrometer/cargo/wb2axip/bench/formal/skidbuffer.sby
/home/baywatcher/projects/test/spectrometer/cargo/wb2axip/bench/formal/wbarbiter.gtkw
/home/baywatcher/projects/test/spectrometer/cargo/wb2axip/bench/formal/wbarbiter.sby
/home/baywatcher/projects/test/spectrometer/cargo/wb2axip/bench/formal/wbc2pipeline.sby
/home/baywatcher/projects/test/spectrometer/cargo/wb2axip/bench/formal/wbm2axilite.sby
/home/baywatcher/projects/test/spectrometer/cargo/wb2axip/bench/formal/wbm2axisp.sby
/home/baywatcher/projects/test/spectrometer/cargo/wb2axip/bench/formal/wbm2axisp.ys
/home/baywatcher/projects/test/spectrometer/cargo/wb2axip/bench/formal/wbp2classic.gtkw
/home/baywatcher/projects/test/spectrometer/cargo/wb2axip/bench/formal/wbp2classic.sby
/home/baywatcher/projects/test/spectrometer/cargo/wb2axip/bench/formal/wbsafety.gtkw
/home/baywatcher/projects/test/spectrometer/cargo/wb2axip/bench/formal/wbsafety.sby
/home/baywatcher/projects/test/spectrometer/cargo/wb2axip/bench/formal/wbxbar.sby
/home/baywatcher/projects/test/spectrometer/cargo/wb2axip/bench/formal/wbxclk.gtkw
/home/baywatcher/projects/test/spectrometer/cargo/wb2axip/bench/formal/wbxclk.sby
/home/baywatcher/projects/test/spectrometer/cargo/wb2axip/bench/formal/xlnxdemo.gtkw
/home/baywatcher/projects/test/spectrometer/cargo/wb2axip/bench/formal/xlnxdemo.sby
/home/baywatcher/projects/test/spectrometer/cargo/wb2axip/bench/formal/xlnxdemo.v
/home/baywatcher/projects/test/spectrometer/cargo/wb2axip/bench/formal/xlnxfull_2018_3.v
/home/baywatcher/projects/test/spectrometer/cargo/wb2axip/bench/formal/xlnxstream_2018_3.gtkw
/home/baywatcher/projects/test/spectrometer/cargo/wb2axip/bench/formal/xlnxstream_2018_3.sby
/home/baywatcher/projects/test/spectrometer/cargo/wb2axip/bench/formal/xlnxstream_2018_3.v
/home/baywatcher/projects/test/spectrometer/cargo/wb2axip/bench/mcy/easyaxil/Makefile
/home/baywatcher/projects/test/spectrometer/cargo/wb2axip/bench/mcy/easyaxil/axi_tb.h
/home/baywatcher/projects/test/spectrometer/cargo/wb2axip/bench/mcy/easyaxil/config.mcy
/home/baywatcher/projects/test/spectrometer/cargo/wb2axip/bench/mcy/easyaxil/devbus.h
/home/baywatcher/projects/test/spectrometer/cargo/wb2axip/bench/mcy/easyaxil/easyaxil_tb.cpp
/home/baywatcher/projects/test/spectrometer/cargo/wb2axip/bench/mcy/easyaxil/easyaxil_tb.sv
/home/baywatcher/projects/test/spectrometer/cargo/wb2axip/bench/mcy/easyaxil/easyprops.sv
/home/baywatcher/projects/test/spectrometer/cargo/wb2axip/bench/mcy/easyaxil/test_eq.sh
/home/baywatcher/projects/test/spectrometer/cargo/wb2axip/bench/mcy/easyaxil/test_fm.sby
/home/baywatcher/projects/test/spectrometer/cargo/wb2axip/bench/mcy/easyaxil/test_fm.sh
/home/baywatcher/projects/test/spectrometer/cargo/wb2axip/bench/mcy/easyaxil/test_sim.sh
/home/baywatcher/projects/test/spectrometer/cargo/wb2axip/bench/mcy/easyaxil/testb.h
/home/baywatcher/projects/test/spectrometer/cargo/wb2axip/bench/rtl/saxi_slave.v
/home/baywatcher/projects/test/spectrometer/cargo/wb2axip/doc/Makefile
/home/baywatcher/projects/test/spectrometer/cargo/wb2axip/doc/axis2mm_mb.json
/home/baywatcher/projects/test/spectrometer/cargo/wb2axip/doc/axis2mm_mb.svg
/home/baywatcher/projects/test/spectrometer/cargo/wb2axip/doc/axis2mm_sb.json
/home/baywatcher/projects/test/spectrometer/cargo/wb2axip/doc/axis2mm_sb.svg
/home/baywatcher/projects/test/spectrometer/cargo/wb2axip/doc/axisafety2.svg
/home/baywatcher/projects/test/spectrometer/cargo/wb2axip/doc/gfx/axi-bad-wstrb.json
/home/baywatcher/projects/test/spectrometer/cargo/wb2axip/doc/gfx/axi-bad-wstrb.svg
/home/baywatcher/projects/test/spectrometer/cargo/wb2axip/doc/gfx/axi-gpio-reads.json
/home/baywatcher/projects/test/spectrometer/cargo/wb2axip/doc/gfx/axi-gpio-writes.json
/home/baywatcher/projects/test/spectrometer/cargo/wb2axip/doc/gfx/axi-gpio-writes.svg
/home/baywatcher/projects/test/spectrometer/cargo/wb2axip/doc/gfx/axi-in-everything.svg
/home/baywatcher/projects/test/spectrometer/cargo/wb2axip/doc/gfx/axi-in-everything.tex
/home/baywatcher/projects/test/spectrometer/cargo/wb2axip/doc/gfx/axi-last-err.json
/home/baywatcher/projects/test/spectrometer/cargo/wb2axip/doc/gfx/axi-last-err.svg
/home/baywatcher/projects/test/spectrometer/cargo/wb2axip/doc/gfx/axi-wdata.json
/home/baywatcher/projects/test/spectrometer/cargo/wb2axip/doc/gfx/axi-wdata.svg
/home/baywatcher/projects/test/spectrometer/cargo/wb2axip/doc/gfx/axi2axil-read-burst.json
/home/baywatcher/projects/test/spectrometer/cargo/wb2axip/doc/gfx/axi2axil-read-burst.svg
/home/baywatcher/projects/test/spectrometer/cargo/wb2axip/doc/gfx/axi2axil-read-single.json
/home/baywatcher/projects/test/spectrometer/cargo/wb2axip/doc/gfx/axi2axil-read-single.svg
/home/baywatcher/projects/test/spectrometer/cargo/wb2axip/doc/gfx/axi2axil-write-burst.json
/home/baywatcher/projects/test/spectrometer/cargo/wb2axip/doc/gfx/axi2axil-write-burst.svg
/home/baywatcher/projects/test/spectrometer/cargo/wb2axip/doc/gfx/axidma.json
/home/baywatcher/projects/test/spectrometer/cargo/wb2axip/doc/gfx/axidma.svg
/home/baywatcher/projects/test/spectrometer/cargo/wb2axip/doc/gfx/axidouble-read.json
/home/baywatcher/projects/test/spectrometer/cargo/wb2axip/doc/gfx/axidouble-read.svg
/home/baywatcher/projects/test/spectrometer/cargo/wb2axip/doc/gfx/axidouble-write.json
/home/baywatcher/projects/test/spectrometer/cargo/wb2axip/doc/gfx/axidouble-write.svg
/home/baywatcher/projects/test/spectrometer/cargo/wb2axip/doc/gfx/axifull-bvalid-fail.json
/home/baywatcher/projects/test/spectrometer/cargo/wb2axip/doc/gfx/axifull-bvalid-fail.svg
/home/baywatcher/projects/test/spectrometer/cargo/wb2axip/doc/gfx/axifull-rd.json
/home/baywatcher/projects/test/spectrometer/cargo/wb2axip/doc/gfx/axifull-rd.svg
/home/baywatcher/projects/test/spectrometer/cargo/wb2axip/doc/gfx/axifull-rdid.json
/home/baywatcher/projects/test/spectrometer/cargo/wb2axip/doc/gfx/axifull-rdid.svg
/home/baywatcher/projects/test/spectrometer/cargo/wb2axip/doc/gfx/axifull-rdwr.json
/home/baywatcher/projects/test/spectrometer/cargo/wb2axip/doc/gfx/axifull-rdwr.svg
/home/baywatcher/projects/test/spectrometer/cargo/wb2axip/doc/gfx/axifull-wlast.json
/home/baywatcher/projects/test/spectrometer/cargo/wb2axip/doc/gfx/axifull-wlast.svg
/home/baywatcher/projects/test/spectrometer/cargo/wb2axip/doc/gfx/axifull-wr.json
/home/baywatcher/projects/test/spectrometer/cargo/wb2axip/doc/gfx/axifull-wr.svg
/home/baywatcher/projects/test/spectrometer/cargo/wb2axip/doc/gfx/axil-double-valid.json
/home/baywatcher/projects/test/spectrometer/cargo/wb2axip/doc/gfx/axil-missed-handshake.json
/home/baywatcher/projects/test/spectrometer/cargo/wb2axip/doc/gfx/axilsafety-readfault-burst.svg
/home/baywatcher/projects/test/spectrometer/cargo/wb2axip/doc/gfx/aximrd2wbsp.json
/home/baywatcher/projects/test/spectrometer/cargo/wb2axip/doc/gfx/aximwr2wbsp-burst.json
/home/baywatcher/projects/test/spectrometer/cargo/wb2axip/doc/gfx/aximwr2wbsp-single.json
/home/baywatcher/projects/test/spectrometer/cargo/wb2axip/doc/gfx/axivdma.json
/home/baywatcher/projects/test/spectrometer/cargo/wb2axip/doc/gfx/axivdma.svg
/home/baywatcher/projects/test/spectrometer/cargo/wb2axip/doc/gfx/axivfifo.json
/home/baywatcher/projects/test/spectrometer/cargo/wb2axip/doc/gfx/axivfifo.svg
/home/baywatcher/projects/test/spectrometer/cargo/wb2axip/doc/gfx/wbaxi-bridge-rresp-fail.json
/home/baywatcher/projects/test/spectrometer/cargo/wb2axip/doc/gfx/wbaxi-bridge-rresp-fail.svg
/home/baywatcher/projects/test/spectrometer/cargo/wb2axip/doc/gfx/wbxclk.json
/home/baywatcher/projects/test/spectrometer/cargo/wb2axip/doc/gfx/wbxclk.svg
/home/baywatcher/projects/test/spectrometer/cargo/wb2axip/doc/gfx/xlnxstream.json
/home/baywatcher/projects/test/spectrometer/cargo/wb2axip/doc/gfx/xlnxstream.svg
/home/baywatcher/projects/test/spectrometer/cargo/wb2axip/doc/src/gpl-3.0.tex
/home/baywatcher/projects/test/spectrometer/cargo/wb2axip/rtl/Makefile
/home/baywatcher/projects/test/spectrometer/cargo/wb2axip/rtl/addrdecode.v
/home/baywatcher/projects/test/spectrometer/cargo/wb2axip/rtl/afifo.v
/home/baywatcher/projects/test/spectrometer/cargo/wb2axip/rtl/apbslave.v
/home/baywatcher/projects/test/spectrometer/cargo/wb2axip/rtl/axi2axi3.v
/home/baywatcher/projects/test/spectrometer/cargo/wb2axip/rtl/axi2axilite.v
/home/baywatcher/projects/test/spectrometer/cargo/wb2axip/rtl/axi32axi.v
/home/baywatcher/projects/test/spectrometer/cargo/wb2axip/rtl/axi3reorder.v
/home/baywatcher/projects/test/spectrometer/cargo/wb2axip/rtl/axi_addr.v
/home/baywatcher/projects/test/spectrometer/cargo/wb2axip/rtl/axidma.v
/home/baywatcher/projects/test/spectrometer/cargo/wb2axip/rtl/axidouble.v
/home/baywatcher/projects/test/spectrometer/cargo/wb2axip/rtl/axiempty.v
/home/baywatcher/projects/test/spectrometer/cargo/wb2axip/rtl/axil2apb.v
/home/baywatcher/projects/test/spectrometer/cargo/wb2axip/rtl/axil2axis.v
/home/baywatcher/projects/test/spectrometer/cargo/wb2axip/rtl/axildouble.v
/home/baywatcher/projects/test/spectrometer/cargo/wb2axip/rtl/axilempty.v
/home/baywatcher/projects/test/spectrometer/cargo/wb2axip/rtl/axilfetch.v
/home/baywatcher/projects/test/spectrometer/cargo/wb2axip/rtl/axilite2axi.v
/home/baywatcher/projects/test/spectrometer/cargo/wb2axip/rtl/axilrd2wbsp.v
/home/baywatcher/projects/test/spectrometer/cargo/wb2axip/rtl/axilsafety.v
/home/baywatcher/projects/test/spectrometer/cargo/wb2axip/rtl/axilsingle.v
/home/baywatcher/projects/test/spectrometer/cargo/wb2axip/rtl/axilwr2wbsp.v
/home/baywatcher/projects/test/spectrometer/cargo/wb2axip/rtl/axilxbar.v
/home/baywatcher/projects/test/spectrometer/cargo/wb2axip/rtl/axim2wbsp.v
/home/baywatcher/projects/test/spectrometer/cargo/wb2axip/rtl/aximm2s.v
/home/baywatcher/projects/test/spectrometer/cargo/wb2axip/rtl/aximrd2wbsp.v
/home/baywatcher/projects/test/spectrometer/cargo/wb2axip/rtl/aximwr2wbsp.v
/home/baywatcher/projects/test/spectrometer/cargo/wb2axip/rtl/axiperf.v
/home/baywatcher/projects/test/spectrometer/cargo/wb2axip/rtl/axis2mm.v
/home/baywatcher/projects/test/spectrometer/cargo/wb2axip/rtl/axisafety.v
/home/baywatcher/projects/test/spectrometer/cargo/wb2axip/rtl/axisgdma.v
/home/baywatcher/projects/test/spectrometer/cargo/wb2axip/rtl/axisgfsm.v
/home/baywatcher/projects/test/spectrometer/cargo/wb2axip/rtl/axisrandom.v
/home/baywatcher/projects/test/spectrometer/cargo/wb2axip/rtl/axissafety.v
/home/baywatcher/projects/test/spectrometer/cargo/wb2axip/rtl/axisswitch.v
/home/baywatcher/projects/test/spectrometer/cargo/wb2axip/rtl/axivcamera.v
/home/baywatcher/projects/test/spectrometer/cargo/wb2axip/rtl/axivdisplay.v
/home/baywatcher/projects/test/spectrometer/cargo/wb2axip/rtl/axivfifo.v
/home/baywatcher/projects/test/spectrometer/cargo/wb2axip/rtl/axixbar.v
/home/baywatcher/projects/test/spectrometer/cargo/wb2axip/rtl/axixclk.v
/home/baywatcher/projects/test/spectrometer/cargo/wb2axip/rtl/axlite2wbsp.v
/home/baywatcher/projects/test/spectrometer/cargo/wb2axip/rtl/axlite_wrapper.vhd
/home/baywatcher/projects/test/spectrometer/cargo/wb2axip/rtl/demoaxi.v
/home/baywatcher/projects/test/spectrometer/cargo/wb2axip/rtl/demofull.v
/home/baywatcher/projects/test/spectrometer/cargo/wb2axip/rtl/easyaxil.v
/home/baywatcher/projects/test/spectrometer/cargo/wb2axip/rtl/migsdram.v
/home/baywatcher/projects/test/spectrometer/cargo/wb2axip/rtl/sfifo.v
/home/baywatcher/projects/test/spectrometer/cargo/wb2axip/rtl/sfifothresh.v
/home/baywatcher/projects/test/spectrometer/cargo/wb2axip/rtl/skidbuffer.v
/home/baywatcher/projects/test/spectrometer/cargo/wb2axip/rtl/wbarbiter.v
/home/baywatcher/projects/test/spectrometer/cargo/wb2axip/rtl/wbc2pipeline.v
/home/baywatcher/projects/test/spectrometer/cargo/wb2axip/rtl/wbm2axilite.v
/home/baywatcher/projects/test/spectrometer/cargo/wb2axip/rtl/wbm2axisp.v
/home/baywatcher/projects/test/spectrometer/cargo/wb2axip/rtl/wbp2classic.v
/home/baywatcher/projects/test/spectrometer/cargo/wb2axip/rtl/wbsafety.v
/home/baywatcher/projects/test/spectrometer/cargo/wb2axip/rtl/wbxbar.v
/home/baywatcher/projects/test/spectrometer/cargo/wb2axip/rtl/wbxclk.v
/home/baywatcher/projects/test/spectrometer/checks/caravel.magic.namelist
/home/baywatcher/projects/test/spectrometer/checks/caravel.magic.typelist
/home/baywatcher/projects/test/spectrometer/checks/mprj.magic.namelist
/home/baywatcher/projects/test/spectrometer/checks/mprj.magic.typelist
/home/baywatcher/projects/test/spectrometer/doc/caravel_datasheet.ps
/home/baywatcher/projects/test/spectrometer/mag/clamp_list.txt
/home/baywatcher/projects/test/spectrometer/openlane/chip_dimensions.txt
/home/baywatcher/projects/test/spectrometer/openlane/mgmt_protect/pdn.tcl
/home/baywatcher/projects/test/spectrometer/openlane/user_project_wrapper/runs/user_project_wrapper/config.tcl
/home/baywatcher/projects/test/spectrometer/openlane/user_project_wrapper/runs/user_project_wrapper/results/synthesis/user_project_wrapper.synthesis.v
/home/baywatcher/projects/test/spectrometer/openlane/user_project_wrapper/runs/user_project_wrapper/results/synthesis/user_project_wrapper.synthesis_optimized.v
/home/baywatcher/projects/test/spectrometer/openlane/user_project_wrapper/runs/user_project_wrapper/results/synthesis/user_project_wrapper.synthesis_cts.v
/home/baywatcher/projects/test/spectrometer/openlane/user_project_wrapper/runs/user_project_wrapper/results/synthesis/user_project_wrapper.synthesis_diodes.v
/home/baywatcher/projects/test/spectrometer/openlane/user_project_wrapper/runs/user_project_wrapper/results/synthesis/user_project_wrapper.synthesis_preroute.v
/home/baywatcher/projects/test/spectrometer/openlane/user_project_wrapper/runs/user_project_wrapper/results/routing/user_project_wrapper.def.ref
/home/baywatcher/projects/test/spectrometer/openlane/user_project_wrapper/runs/user_project_wrapper/results/routing/user_project_wrapper.spef
/home/baywatcher/projects/test/spectrometer/openlane/user_project_wrapper/runs/user_project_wrapper/results/magic/sky130_fd_sc_hd__o41ai_4.ext
/home/baywatcher/projects/test/spectrometer/openlane/user_project_wrapper/runs/user_project_wrapper/results/magic/sky130_fd_sc_hd__a2111oi_4.ext
/home/baywatcher/projects/test/spectrometer/openlane/user_project_wrapper/runs/user_project_wrapper/results/magic/sky130_fd_sc_hd__a41oi_4.ext
/home/baywatcher/projects/test/spectrometer/openlane/user_project_wrapper/runs/user_project_wrapper/results/magic/sky130_fd_sc_hd__inv_4.ext
/home/baywatcher/projects/test/spectrometer/openlane/user_project_wrapper/runs/user_project_wrapper/results/magic/sky130_fd_sc_hd__o41a_4.ext
/home/baywatcher/projects/test/spectrometer/openlane/user_project_wrapper/runs/user_project_wrapper/results/magic/sky130_fd_sc_hd__buf_4.ext
/home/baywatcher/projects/test/spectrometer/openlane/user_project_wrapper/runs/user_project_wrapper/results/magic/sky130_fd_sc_hd__buf_8.ext
/home/baywatcher/projects/test/spectrometer/openlane/user_project_wrapper/runs/user_project_wrapper/results/magic/sky130_fd_sc_hd__o32ai_4.ext
/home/baywatcher/projects/test/spectrometer/openlane/user_project_wrapper/runs/user_project_wrapper/results/magic/sky130_fd_sc_hd__a41o_4.ext
/home/baywatcher/projects/test/spectrometer/openlane/user_project_wrapper/runs/user_project_wrapper/results/magic/sky130_fd_sc_hd__a32oi_4.ext
/home/baywatcher/projects/test/spectrometer/openlane/user_project_wrapper/runs/user_project_wrapper/results/magic/sky130_fd_sc_hd__clkbuf_16.ext
/home/baywatcher/projects/test/spectrometer/openlane/user_project_wrapper/runs/user_project_wrapper/results/magic/sky130_fd_sc_hd__nand4_4.ext
/home/baywatcher/projects/test/spectrometer/openlane/user_project_wrapper/runs/user_project_wrapper/results/magic/sky130_fd_sc_hd__nor4_4.ext
/home/baywatcher/projects/test/spectrometer/openlane/user_project_wrapper/runs/user_project_wrapper/results/magic/sky130_fd_sc_hd__a21boi_4.ext
/home/baywatcher/projects/test/spectrometer/openlane/user_project_wrapper/runs/user_project_wrapper/results/magic/sky130_fd_sc_hd__a2111o_4.ext
/home/baywatcher/projects/test/spectrometer/openlane/user_project_wrapper/runs/user_project_wrapper/results/magic/sky130_fd_sc_hd__a211o_4.ext
/home/baywatcher/projects/test/spectrometer/openlane/user_project_wrapper/runs/user_project_wrapper/results/magic/sky130_fd_sc_hd__clkbuf_1.ext
/home/baywatcher/projects/test/spectrometer/openlane/user_project_wrapper/runs/user_project_wrapper/results/magic/sky130_fd_sc_hd__and4_4.ext
/home/baywatcher/projects/test/spectrometer/openlane/user_project_wrapper/runs/user_project_wrapper/results/magic/sky130_fd_sc_hd__nand3_4.ext
/home/baywatcher/projects/test/spectrometer/openlane/user_project_wrapper/runs/user_project_wrapper/results/magic/sky130_fd_sc_hd__and3_4.ext
/home/baywatcher/projects/test/spectrometer/openlane/user_project_wrapper/runs/user_project_wrapper/results/magic/sky130_fd_sc_hd__nor3_4.ext
/home/baywatcher/projects/test/spectrometer/openlane/user_project_wrapper/runs/user_project_wrapper/results/magic/sky130_fd_sc_hd__a32o_4.ext
/home/baywatcher/projects/test/spectrometer/openlane/user_project_wrapper/runs/user_project_wrapper/results/magic/sky130_fd_sc_hd__or3_4.ext
/home/baywatcher/projects/test/spectrometer/openlane/user_project_wrapper/runs/user_project_wrapper/results/magic/sky130_fd_sc_hd__or4_4.ext
/home/baywatcher/projects/test/spectrometer/openlane/user_project_wrapper/runs/user_project_wrapper/results/magic/sky130_fd_sc_hd__buf_2.ext
/home/baywatcher/projects/test/spectrometer/openlane/user_project_wrapper/runs/user_project_wrapper/results/magic/sky130_fd_sc_hd__o22a_4.ext
/home/baywatcher/projects/test/spectrometer/openlane/user_project_wrapper/runs/user_project_wrapper/results/magic/sky130_fd_sc_hd__a22oi_4.ext
/home/baywatcher/projects/test/spectrometer/openlane/user_project_wrapper/runs/user_project_wrapper/results/magic/sky130_fd_sc_hd__o21ai_4.ext
/home/baywatcher/projects/test/spectrometer/openlane/user_project_wrapper/runs/user_project_wrapper/results/magic/sky130_fd_sc_hd__inv_2.ext
/home/baywatcher/projects/test/spectrometer/openlane/user_project_wrapper/runs/user_project_wrapper/results/magic/sky130_fd_sc_hd__o32a_4.ext
/home/baywatcher/projects/test/spectrometer/openlane/user_project_wrapper/runs/user_project_wrapper/results/magic/sky130_fd_sc_hd__a2bb2oi_4.ext
/home/baywatcher/projects/test/spectrometer/openlane/user_project_wrapper/runs/user_project_wrapper/results/magic/sky130_fd_sc_hd__a2bb2o_4.ext
/home/baywatcher/projects/test/spectrometer/openlane/user_project_wrapper/runs/user_project_wrapper/results/magic/sky130_fd_sc_hd__a21oi_4.ext
/home/baywatcher/projects/test/spectrometer/openlane/user_project_wrapper/runs/user_project_wrapper/results/magic/sky130_fd_sc_hd__nand2_4.ext
/home/baywatcher/projects/test/spectrometer/openlane/user_project_wrapper/runs/user_project_wrapper/results/magic/sky130_fd_sc_hd__nor2_4.ext
/home/baywatcher/projects/test/spectrometer/openlane/user_project_wrapper/runs/user_project_wrapper/results/magic/sky130_fd_sc_hd__and2_4.ext
/home/baywatcher/projects/test/spectrometer/openlane/user_project_wrapper/runs/user_project_wrapper/results/magic/sky130_fd_sc_hd__a21o_4.ext
/home/baywatcher/projects/test/spectrometer/openlane/user_project_wrapper/runs/user_project_wrapper/results/magic/sky130_fd_sc_hd__dfxtp_4.ext
/home/baywatcher/projects/test/spectrometer/openlane/user_project_wrapper/runs/user_project_wrapper/results/magic/sky130_fd_sc_hd__xnor2_4.ext
/home/baywatcher/projects/test/spectrometer/openlane/user_project_wrapper/runs/user_project_wrapper/results/magic/sky130_fd_sc_hd__xor2_4.ext
/home/baywatcher/projects/test/spectrometer/openlane/user_project_wrapper/runs/user_project_wrapper/results/magic/sky130_fd_sc_hd__a21bo_4.ext
/home/baywatcher/projects/test/spectrometer/openlane/user_project_wrapper/runs/user_project_wrapper/results/magic/sky130_fd_sc_hd__conb_1.ext
/home/baywatcher/projects/test/spectrometer/openlane/user_project_wrapper/runs/user_project_wrapper/results/magic/sky130_fd_sc_hd__o21a_4.ext
/home/baywatcher/projects/test/spectrometer/openlane/user_project_wrapper/runs/user_project_wrapper/results/magic/sky130_fd_sc_hd__fill_1.ext
/home/baywatcher/projects/test/spectrometer/openlane/user_project_wrapper/runs/user_project_wrapper/results/magic/sky130_fd_sc_hd__or2_4.ext
/home/baywatcher/projects/test/spectrometer/openlane/user_project_wrapper/runs/user_project_wrapper/results/magic/sky130_fd_sc_hd__decap_8.ext
/home/baywatcher/projects/test/spectrometer/openlane/user_project_wrapper/runs/user_project_wrapper/results/magic/sky130_fd_sc_hd__fill_2.ext
/home/baywatcher/projects/test/spectrometer/openlane/user_project_wrapper/runs/user_project_wrapper/results/magic/sky130_fd_sc_hd__diode_2.ext
/home/baywatcher/projects/test/spectrometer/openlane/user_project_wrapper/runs/user_project_wrapper/results/magic/sky130_fd_sc_hd__decap_6.ext
/home/baywatcher/projects/test/spectrometer/openlane/user_project_wrapper/runs/user_project_wrapper/results/magic/sky130_fd_sc_hd__decap_4.ext
/home/baywatcher/projects/test/spectrometer/openlane/user_project_wrapper/runs/user_project_wrapper/results/magic/sky130_fd_sc_hd__tapvpwrvgnd_1.ext
/home/baywatcher/projects/test/spectrometer/openlane/user_project_wrapper/runs/user_project_wrapper/results/magic/sky130_fd_sc_hd__decap_12.ext
/home/baywatcher/projects/test/spectrometer/openlane/user_project_wrapper/runs/user_project_wrapper/results/magic/sky130_fd_sc_hd__decap_3.ext
/home/baywatcher/projects/test/spectrometer/openlane/user_project_wrapper/runs/user_project_wrapper/results/magic/user_project_wrapper.ext
/home/baywatcher/projects/test/spectrometer/openlane/user_project_wrapper/runs/user_project_wrapper/results/magic/user_project_wrapper.spice
/home/baywatcher/projects/test/spectrometer/openlane/user_project_wrapper/runs/user_project_wrapper/results/magic/user_project_wrapper.lef.spice
/home/baywatcher/projects/test/spectrometer/openlane/user_project_wrapper/runs/user_project_wrapper/results/magic/.magicrc
/home/baywatcher/projects/test/spectrometer/openlane/user_project_wrapper/runs/user_project_wrapper/results/lvs/user_project_wrapper.lvs.powered.v
/home/baywatcher/projects/test/spectrometer/openlane/user_project_wrapper/runs/user_project_wrapper/results/lvs/user_project_wrapper.lvs.json
/home/baywatcher/projects/test/spectrometer/openlane/user_project_wrapper/runs/user_project_wrapper/tmp/trimmed.lib
/home/baywatcher/projects/test/spectrometer/openlane/user_project_wrapper/runs/user_project_wrapper/tmp/tracks_copy.info
/home/baywatcher/projects/test/spectrometer/openlane/user_project_wrapper/runs/user_project_wrapper/tmp/sky130_fd_sc_hd__tt_025C_1v80.no_pg.lib
/home/baywatcher/projects/test/spectrometer/openlane/user_project_wrapper/runs/user_project_wrapper/tmp/opt.lib
/home/baywatcher/projects/test/spectrometer/openlane/user_project_wrapper/runs/user_project_wrapper/tmp/magic_spice.tcl
/home/baywatcher/projects/test/spectrometer/openlane/user_project_wrapper/runs/user_project_wrapper/tmp/synthesis/yosys.sdc
/home/baywatcher/projects/test/spectrometer/openlane/user_project_wrapper/runs/user_project_wrapper/tmp/synthesis/hierarchy.dot
/home/baywatcher/projects/test/spectrometer/openlane/user_project_wrapper/runs/user_project_wrapper/tmp/synthesis/yosys.pg_define.v
/home/baywatcher/projects/test/spectrometer/openlane/user_project_wrapper/runs/user_project_wrapper/tmp/floorplan/ioPlacer.def.template.tmp
/home/baywatcher/projects/test/spectrometer/openlane/user_project_wrapper/runs/user_project_wrapper/tmp/floorplan/ioPlacer.def.pins
/home/baywatcher/projects/test/spectrometer/openlane/user_project_wrapper/runs/user_project_wrapper/tmp/routing/fastroute.guide
/home/baywatcher/projects/test/spectrometer/openlane/user_project_wrapper/runs/user_project_wrapper/tmp/routing/tritonRoute.param
/home/baywatcher/projects/test/spectrometer/openlane/user_project_wrapper/runs/user_project_wrapper/tmp/routing/tritonRoute.guide
/home/baywatcher/projects/test/spectrometer/openlane/user_project_wrapper/runs/user_project_wrapper/logs/synthesis/yosys_runtime.txt
/home/baywatcher/projects/test/spectrometer/openlane/user_project_wrapper/runs/user_project_wrapper/logs/floorplan/verilog2def_openroad_runtime.txt
/home/baywatcher/projects/test/spectrometer/openlane/user_project_wrapper/runs/user_project_wrapper/logs/floorplan/tapcell_runtime.txt
/home/baywatcher/projects/test/spectrometer/openlane/user_project_wrapper/runs/user_project_wrapper/logs/floorplan/pdn_runtime.txt
/home/baywatcher/projects/test/spectrometer/openlane/user_project_wrapper/runs/user_project_wrapper/logs/placement/replace_runtime.txt
/home/baywatcher/projects/test/spectrometer/openlane/user_project_wrapper/runs/user_project_wrapper/logs/placement/openphysyn_runtime.txt
/home/baywatcher/projects/test/spectrometer/openlane/user_project_wrapper/runs/user_project_wrapper/logs/placement/opendp_runtime.txt
/home/baywatcher/projects/test/spectrometer/openlane/user_project_wrapper/runs/user_project_wrapper/logs/cts/cts_runtime.txt
/home/baywatcher/projects/test/spectrometer/openlane/user_project_wrapper/runs/user_project_wrapper/logs/routing/fastroute_runtime.txt
/home/baywatcher/projects/test/spectrometer/openlane/user_project_wrapper/runs/user_project_wrapper/logs/routing/addspacers_runtime.txt
/home/baywatcher/projects/test/spectrometer/openlane/user_project_wrapper/runs/user_project_wrapper/logs/routing/tritonRoute_runtime.txt
/home/baywatcher/projects/test/spectrometer/openlane/user_project_wrapper/runs/user_project_wrapper/reports/runtime.txt
/home/baywatcher/projects/test/spectrometer/openlane/user_project_wrapper/runs/user_project_wrapper/reports/manfucturability_report.rpt
/home/baywatcher/projects/test/spectrometer/openlane/user_project_wrapper/runs/user_project_wrapper/reports/synthesis/yosys_pre.stat
/home/baywatcher/projects/test/spectrometer/openlane/user_project_wrapper/runs/user_project_wrapper/reports/synthesis/yosys_dff.stat
/home/baywatcher/projects/test/spectrometer/openlane/user_project_wrapper/runs/user_project_wrapper/reports/synthesis/yosys_3.chk.rpt
/home/baywatcher/projects/test/spectrometer/openlane/user_project_wrapper/runs/user_project_wrapper/reports/synthesis/yosys_3.stat.rpt
/home/baywatcher/projects/test/spectrometer/openlane/user_project_wrapper/runs/user_project_wrapper/reports/synthesis/opensta_tns.rpt
/home/baywatcher/projects/test/spectrometer/openlane/user_project_wrapper/runs/user_project_wrapper/reports/synthesis/opensta_wns.rpt
/home/baywatcher/projects/test/spectrometer/openlane/user_project_wrapper/runs/user_project_wrapper/reports/synthesis/opensta.timing.rpt
/home/baywatcher/projects/test/spectrometer/openlane/user_project_wrapper/runs/user_project_wrapper/reports/synthesis/opensta.min_max.rpt
/home/baywatcher/projects/test/spectrometer/openlane/user_project_wrapper/runs/user_project_wrapper/reports/synthesis/opensta.rpt
/home/baywatcher/projects/test/spectrometer/openlane/user_project_wrapper/runs/user_project_wrapper/reports/synthesis/opensta_post_openphysyn_tns.rpt
/home/baywatcher/projects/test/spectrometer/openlane/user_project_wrapper/runs/user_project_wrapper/reports/synthesis/opensta_post_openphysyn_wns.rpt
/home/baywatcher/projects/test/spectrometer/openlane/user_project_wrapper/runs/user_project_wrapper/reports/synthesis/opensta_post_openphysyn.timing.rpt
/home/baywatcher/projects/test/spectrometer/openlane/user_project_wrapper/runs/user_project_wrapper/reports/synthesis/opensta_post_openphysyn.min_max.rpt
/home/baywatcher/projects/test/spectrometer/openlane/user_project_wrapper/runs/user_project_wrapper/reports/synthesis/opensta_post_openphysyn.rpt
/home/baywatcher/projects/test/spectrometer/openlane/user_project_wrapper/runs/user_project_wrapper/reports/synthesis/opensta_spef_tns.rpt
/home/baywatcher/projects/test/spectrometer/openlane/user_project_wrapper/runs/user_project_wrapper/reports/synthesis/opensta_spef_wns.rpt
/home/baywatcher/projects/test/spectrometer/openlane/user_project_wrapper/runs/user_project_wrapper/reports/synthesis/opensta_spef.timing.rpt
/home/baywatcher/projects/test/spectrometer/openlane/user_project_wrapper/runs/user_project_wrapper/reports/synthesis/opensta_spef.min_max.rpt
/home/baywatcher/projects/test/spectrometer/openlane/user_project_wrapper/runs/user_project_wrapper/reports/synthesis/opensta_spef.rpt
/home/baywatcher/projects/test/spectrometer/openlane/user_project_wrapper/runs/user_project_wrapper/reports/floorplan/verilog2def.die_area.rpt
/home/baywatcher/projects/test/spectrometer/openlane/user_project_wrapper/runs/user_project_wrapper/reports/floorplan/verilog2def.core_area.rpt
/home/baywatcher/projects/test/spectrometer/openlane/user_project_wrapper/runs/user_project_wrapper/reports/placement/replace.timing.rpt
/home/baywatcher/projects/test/spectrometer/openlane/user_project_wrapper/runs/user_project_wrapper/reports/placement/replace.min_max.rpt
/home/baywatcher/projects/test/spectrometer/openlane/user_project_wrapper/runs/user_project_wrapper/reports/placement/replace.rpt
/home/baywatcher/projects/test/spectrometer/openlane/user_project_wrapper/runs/user_project_wrapper/reports/placement/replace_wns.rpt
/home/baywatcher/projects/test/spectrometer/openlane/user_project_wrapper/runs/user_project_wrapper/reports/placement/replace_tns.rpt
/home/baywatcher/projects/test/spectrometer/openlane/user_project_wrapper/runs/user_project_wrapper/reports/placement/openphysyn_allchecks.rpt
/home/baywatcher/projects/test/spectrometer/openlane/user_project_wrapper/runs/user_project_wrapper/reports/placement/openphysyn_violators.rpt
/home/baywatcher/projects/test/spectrometer/openlane/user_project_wrapper/runs/user_project_wrapper/reports/placement/openphysyn_wns.rpt
/home/baywatcher/projects/test/spectrometer/openlane/user_project_wrapper/runs/user_project_wrapper/reports/placement/openphysyn_tns.rpt
/home/baywatcher/projects/test/spectrometer/openlane/user_project_wrapper/runs/user_project_wrapper/reports/routing/fastroute.timing.rpt
/home/baywatcher/projects/test/spectrometer/openlane/user_project_wrapper/runs/user_project_wrapper/reports/routing/fastroute.min_max.rpt
/home/baywatcher/projects/test/spectrometer/openlane/user_project_wrapper/runs/user_project_wrapper/reports/routing/fastroute.rpt
/home/baywatcher/projects/test/spectrometer/openlane/user_project_wrapper/runs/user_project_wrapper/reports/routing/fastroute_wns.rpt
/home/baywatcher/projects/test/spectrometer/openlane/user_project_wrapper/runs/user_project_wrapper/reports/routing/fastroute_tns.rpt
/home/baywatcher/projects/test/spectrometer/openlane/user_project_wrapper/runs/user_project_wrapper/reports/routing/tritonRoute.klayout.xml
/home/baywatcher/projects/test/spectrometer/openlane/user_project_wrapper/runs/user_project_wrapper/reports/routing/antenna.rpt
/home/baywatcher/projects/test/spectrometer/openlane/user_project_wrapper/runs/user_project_wrapper/reports/routing/playground/.install_iverilog.sh
/home/baywatcher/projects/test/spectrometer/openlane/user_project_wrapper/runs/user_project_wrapper/reports/routing/playground/.install_verilator.sh
/home/baywatcher/projects/test/spectrometer/openlane/user_project_wrapper/runs/user_project_wrapper/reports/routing/playground/.install_yosys.sh
/home/baywatcher/projects/test/spectrometer/openlane/user_project_wrapper/runs/user_project_wrapper/reports/routing/playground/.run_openlane.sh
/home/baywatcher/projects/test/spectrometer/openlane/user_project_wrapper/runs/user_project_wrapper/reports/routing/playground/.setup_openlane.sh
/home/baywatcher/projects/test/spectrometer/openlane/user_project_wrapper/runs/user_project_wrapper/reports/routing/playground/.setup_pdk.sh
/home/baywatcher/projects/test/spectrometer/openlane/user_project_wrapper/runs/user_project_wrapper/reports/routing/playground/.travis.yml
/home/baywatcher/projects/test/spectrometer/openlane/user_project_wrapper/runs/user_project_wrapper/reports/routing/playground/README.md
/home/baywatcher/projects/test/spectrometer/openlane/user_project_wrapper/runs/user_project_wrapper/reports/routing/playground/SpectrometerTest.v
/home/baywatcher/projects/test/spectrometer/openlane/user_project_wrapper/runs/user_project_wrapper/reports/routing/playground/antenna.rpt
/home/baywatcher/projects/test/spectrometer/spi/lvs/DFFRAM.spice
/home/baywatcher/projects/test/spectrometer/spi/lvs/chip_io.spice
/home/baywatcher/projects/test/spectrometer/spi/lvs/digital_pll.spice
/home/baywatcher/projects/test/spectrometer/spi/lvs/gpio_control_block.spice
/home/baywatcher/projects/test/spectrometer/spi/lvs/mgmt_core.spice
/home/baywatcher/projects/test/spectrometer/spi/lvs/mgmt_protect.spice
/home/baywatcher/projects/test/spectrometer/spi/lvs/mgmt_protect_hv.spice
/home/baywatcher/projects/test/spectrometer/spi/lvs/mprj2_logic_high.spice
/home/baywatcher/projects/test/spectrometer/spi/lvs/mprj_logic_high.spice
/home/baywatcher/projects/test/spectrometer/spi/lvs/simple_por.spice
/home/baywatcher/projects/test/spectrometer/spi/lvs/sky130_fd_sc_hvl__lsbufhv2lv_1_wrapped.spice
/home/baywatcher/projects/test/spectrometer/spi/lvs/storage.spice
/home/baywatcher/projects/test/spectrometer/spi/lvs/user_id_programming.spice
/home/baywatcher/projects/test/spectrometer/spi/lvs/user_proj_example.spice
/home/baywatcher/projects/test/spectrometer/spi/lvs/user_project_wrapper.spice
/home/baywatcher/projects/test/spectrometer/verilog/dv/caravel/sections.lds
/home/baywatcher/projects/test/spectrometer/verilog/dv/caravel/spiflash.v
/home/baywatcher/projects/test/spectrometer/verilog/dv/caravel/start.s
/home/baywatcher/projects/test/spectrometer/verilog/dv/caravel/tbuart.v
/home/baywatcher/projects/test/spectrometer/verilog/dv/caravel/mgmt_soc/gpio/gpio_tb.v
/home/baywatcher/projects/test/spectrometer/verilog/dv/caravel/mgmt_soc/mem/mem_tb.v
/home/baywatcher/projects/test/spectrometer/verilog/dv/caravel/mgmt_soc/perf/perf_tb.v
/home/baywatcher/projects/test/spectrometer/verilog/dv/caravel/mgmt_soc/storage/storage_tb.v
/home/baywatcher/projects/test/spectrometer/verilog/dv/caravel/mgmt_soc/timer/timer_tb.v
/home/baywatcher/projects/test/spectrometer/verilog/dv/caravel/mgmt_soc/timer2/timer2_tb.v
/home/baywatcher/projects/test/spectrometer/verilog/dv/caravel/mgmt_soc/uart/uart_tb.v
/home/baywatcher/projects/test/spectrometer/verilog/gl/caravel.v
/home/baywatcher/projects/test/spectrometer/verilog/gl/chip_io.v
/home/baywatcher/projects/test/spectrometer/verilog/gl/mgmt_protect.v
/home/baywatcher/projects/test/spectrometer/verilog/gl/mgmt_protect_hv.v
/home/baywatcher/projects/test/spectrometer/verilog/gl/mprj2_logic_high.v
/home/baywatcher/projects/test/spectrometer/verilog/gl/mprj_logic_high.v
/home/baywatcher/projects/test/spectrometer/verilog/gl/sky130_fd_sc_hvl__lsbufhv2lv_1_wrapped.v
/home/baywatcher/projects/test/spectrometer/verilog/gl/user_proj_example.v
/home/baywatcher/projects/test/spectrometer/verilog/gl/user_project_wrapper.v
/home/baywatcher/projects/test/spectrometer/verilog/rtl/mgmt_soc.v
/home/baywatcher/projects/test/spectrometer/verilog/rtl/mprj2_logic_high.v
/home/baywatcher/projects/test/spectrometer/verilog/rtl/mprj_logic_high.v
/home/baywatcher/projects/test/spectrometer/verilog/rtl/picorv32.v
/home/baywatcher/projects/test/spectrometer/verilog/rtl/simpleuart.v
/home/baywatcher/projects/test/spectrometer/verilog/rtl/spimemio.v
